<?xml version="1.0" encoding="UTF-8"?>
<testng-results skipped="0" failed="0" total="0" passed="0">
  <reporter-output>
  </reporter-output>
  <suite name="com.Inportia.FirstCucumber.AppTest" duration-ms="7" started-at="2016-08-13T06:33:33Z" finished-at="2016-08-13T06:33:33Z">
    <groups>
    </groups>
    <test name="Command line test" duration-ms="7" started-at="2016-08-13T06:33:33Z" finished-at="2016-08-13T06:33:33Z">
    </test> <!-- Command line test -->
  </suite> <!-- com.Inportia.FirstCucumber.AppTest -->
</testng-results>
